<?xml version="1.0" encoding="UTF-8"?>
<!-- Generated by org.testng.reporters.JUnitReportReporter -->
<testsuite hostname="PE-HO-275" failures="0" tests="1" name="Run.EjemploTestNG" time="55.104" errors="0" timestamp="2022-10-05T17:24:19 COT" skipped="0">
  <testcase classname="Run.EjemploTestNG" name="Ingresar_Direccion" time="55.104"/>
  <system-out/>
</testsuite> <!-- Run.EjemploTestNG -->
